[0.048s] Invoking command in '/home/junweil/projects/robot_urdfs/urdf_viewer_template_aliengo/build/aliengo': CMAKE_PREFIX_PATH=/opt/ros/iron CONDA_PROMPT_MODIFIER=(base) /usr/bin/cmake /home/junweil/projects/robot_urdfs/urdf_viewer_template_aliengo/src/aliengo -DCMAKE_INSTALL_PREFIX=/home/junweil/projects/robot_urdfs/urdf_viewer_template_aliengo/install/aliengo
[0.059s] -- Found ament_cmake: 2.0.4 (/opt/ros/iron/share/ament_cmake/cmake)
[0.175s] -- Found ament_lint_auto: 0.14.3 (/opt/ros/iron/share/ament_lint_auto/cmake)
[0.246s] -- Added test 'lint_cmake' to check CMake code style
[0.247s] -- Added test 'xmllint' to check XML markup files
[0.247s] -- Configuring done
[0.250s] -- Generating done
[0.250s] -- Build files have been written to: /home/junweil/projects/robot_urdfs/urdf_viewer_template_aliengo/build/aliengo
[0.253s] Invoked command in '/home/junweil/projects/robot_urdfs/urdf_viewer_template_aliengo/build/aliengo' returned '0': CMAKE_PREFIX_PATH=/opt/ros/iron CONDA_PROMPT_MODIFIER=(base) /usr/bin/cmake /home/junweil/projects/robot_urdfs/urdf_viewer_template_aliengo/src/aliengo -DCMAKE_INSTALL_PREFIX=/home/junweil/projects/robot_urdfs/urdf_viewer_template_aliengo/install/aliengo
[0.254s] Invoking command in '/home/junweil/projects/robot_urdfs/urdf_viewer_template_aliengo/build/aliengo': CMAKE_PREFIX_PATH=/opt/ros/iron CONDA_PROMPT_MODIFIER=(base) /usr/bin/cmake --build /home/junweil/projects/robot_urdfs/urdf_viewer_template_aliengo/build/aliengo -- -j20 -l20
[0.295s] Invoked command in '/home/junweil/projects/robot_urdfs/urdf_viewer_template_aliengo/build/aliengo' returned '0': CMAKE_PREFIX_PATH=/opt/ros/iron CONDA_PROMPT_MODIFIER=(base) /usr/bin/cmake --build /home/junweil/projects/robot_urdfs/urdf_viewer_template_aliengo/build/aliengo -- -j20 -l20
[0.326s] Invoking command in '/home/junweil/projects/robot_urdfs/urdf_viewer_template_aliengo/build/aliengo': CMAKE_PREFIX_PATH=/opt/ros/iron CONDA_PROMPT_MODIFIER=(base) /usr/bin/cmake --install /home/junweil/projects/robot_urdfs/urdf_viewer_template_aliengo/build/aliengo
[0.334s] -- Install configuration: ""
[0.334s] -- Installing: /home/junweil/projects/robot_urdfs/urdf_viewer_template_aliengo/install/aliengo/share/ament_index/resource_index/package_run_dependencies/aliengo
[0.334s] -- Installing: /home/junweil/projects/robot_urdfs/urdf_viewer_template_aliengo/install/aliengo/share/ament_index/resource_index/parent_prefix_path/aliengo
[0.334s] -- Installing: /home/junweil/projects/robot_urdfs/urdf_viewer_template_aliengo/install/aliengo/share/aliengo/environment/ament_prefix_path.sh
[0.334s] -- Installing: /home/junweil/projects/robot_urdfs/urdf_viewer_template_aliengo/install/aliengo/share/aliengo/environment/ament_prefix_path.dsv
[0.334s] -- Installing: /home/junweil/projects/robot_urdfs/urdf_viewer_template_aliengo/install/aliengo/share/aliengo/environment/path.sh
[0.334s] -- Installing: /home/junweil/projects/robot_urdfs/urdf_viewer_template_aliengo/install/aliengo/share/aliengo/environment/path.dsv
[0.335s] -- Installing: /home/junweil/projects/robot_urdfs/urdf_viewer_template_aliengo/install/aliengo/share/aliengo/local_setup.bash
[0.335s] -- Installing: /home/junweil/projects/robot_urdfs/urdf_viewer_template_aliengo/install/aliengo/share/aliengo/local_setup.sh
[0.335s] -- Installing: /home/junweil/projects/robot_urdfs/urdf_viewer_template_aliengo/install/aliengo/share/aliengo/local_setup.zsh
[0.335s] -- Installing: /home/junweil/projects/robot_urdfs/urdf_viewer_template_aliengo/install/aliengo/share/aliengo/local_setup.dsv
[0.335s] -- Installing: /home/junweil/projects/robot_urdfs/urdf_viewer_template_aliengo/install/aliengo/share/aliengo/package.dsv
[0.335s] -- Installing: /home/junweil/projects/robot_urdfs/urdf_viewer_template_aliengo/install/aliengo/share/ament_index/resource_index/packages/aliengo
[0.335s] -- Installing: /home/junweil/projects/robot_urdfs/urdf_viewer_template_aliengo/install/aliengo/share/aliengo/cmake/aliengoConfig.cmake
[0.335s] -- Installing: /home/junweil/projects/robot_urdfs/urdf_viewer_template_aliengo/install/aliengo/share/aliengo/cmake/aliengoConfig-version.cmake
[0.335s] -- Installing: /home/junweil/projects/robot_urdfs/urdf_viewer_template_aliengo/install/aliengo/share/aliengo/package.xml
[0.337s] Invoked command in '/home/junweil/projects/robot_urdfs/urdf_viewer_template_aliengo/build/aliengo' returned '0': CMAKE_PREFIX_PATH=/opt/ros/iron CONDA_PROMPT_MODIFIER=(base) /usr/bin/cmake --install /home/junweil/projects/robot_urdfs/urdf_viewer_template_aliengo/build/aliengo
