-- Found ament_cmake: 2.0.4 (/opt/ros/iron/share/ament_cmake/cmake)
-- Found ament_lint_auto: 0.14.3 (/opt/ros/iron/share/ament_lint_auto/cmake)
Traceback (most recent call last):
  File "/opt/ros/iron/share/ament_cmake_core/cmake/core/package_xml_2_cmake.py", line 22, in <module>
    from catkin_pkg.package import parse_package_string
  File "/home/junweil/.local/lib/python3.10/site-packages/catkin_pkg/package.py", line 44, in <module>
    from catkin_pkg.condition import evaluate_condition
  File "/home/junweil/.local/lib/python3.10/site-packages/catkin_pkg/condition.py", line 17, in <module>
    import pyparsing as pp
ModuleNotFoundError: No module named 'pyparsing'
[31mCMake Error at /opt/ros/iron/share/ament_cmake_core/cmake/core/ament_package_xml.cmake:95 (message):
  execute_process(/home/junweil/mambaforge/bin/python3.10
  /opt/ros/iron/share/ament_cmake_core/cmake/core/package_xml_2_cmake.py
  /home/junweil/projects/robot_urdfs/urdf_viewer_template_aliengo/src/aliengo/package.xml
  /home/junweil/projects/robot_urdfs/urdf_viewer_template_aliengo/build/aliengo/ament_cmake_core/package.cmake)
  returned error code 1
Call Stack (most recent call first):
  /opt/ros/iron/share/ament_cmake_core/cmake/core/ament_package_xml.cmake:49 (_ament_package_xml)
  /opt/ros/iron/share/ament_lint_auto/cmake/ament_lint_auto_find_test_dependencies.cmake:31 (ament_package_xml)
  CMakeLists.txt:23 (ament_lint_auto_find_test_dependencies)

[0m
-- Configuring incomplete, errors occurred!
See also "/home/junweil/projects/robot_urdfs/urdf_viewer_template_aliengo/build/aliengo/CMakeFiles/CMakeOutput.log".
