[0.051s] Invoking command in '/home/junweil/projects/robot_urdfs/urdf_viewer_template_aliengo/build/aliengo': CMAKE_PREFIX_PATH=/opt/ros/iron CONDA_PROMPT_MODIFIER=(base) /usr/bin/cmake /home/junweil/projects/robot_urdfs/urdf_viewer_template_aliengo/src/aliengo -DCMAKE_INSTALL_PREFIX=/home/junweil/projects/robot_urdfs/urdf_viewer_template_aliengo/install/aliengo
[0.067s] -- Found ament_cmake: 2.0.4 (/opt/ros/iron/share/ament_cmake/cmake)
[0.191s] -- Found ament_lint_auto: 0.14.3 (/opt/ros/iron/share/ament_lint_auto/cmake)
[0.219s] Traceback (most recent call last):
[0.219s]   File "/opt/ros/iron/share/ament_cmake_core/cmake/core/package_xml_2_cmake.py", line 22, in <module>
[0.219s]     from catkin_pkg.package import parse_package_string
[0.219s]   File "/home/junweil/.local/lib/python3.10/site-packages/catkin_pkg/package.py", line 44, in <module>
[0.219s]     from catkin_pkg.condition import evaluate_condition
[0.220s]   File "/home/junweil/.local/lib/python3.10/site-packages/catkin_pkg/condition.py", line 17, in <module>
[0.220s]     import pyparsing as pp
[0.220s] ModuleNotFoundError: No module named 'pyparsing'
[0.222s] [31mCMake Error at /opt/ros/iron/share/ament_cmake_core/cmake/core/ament_package_xml.cmake:95 (message):
[0.222s]   execute_process(/home/junweil/mambaforge/bin/python3.10
[0.222s]   /opt/ros/iron/share/ament_cmake_core/cmake/core/package_xml_2_cmake.py
[0.222s]   /home/junweil/projects/robot_urdfs/urdf_viewer_template_aliengo/src/aliengo/package.xml
[0.222s]   /home/junweil/projects/robot_urdfs/urdf_viewer_template_aliengo/build/aliengo/ament_cmake_core/package.cmake)
[0.222s]   returned error code 1
[0.222s] Call Stack (most recent call first):
[0.222s]   /opt/ros/iron/share/ament_cmake_core/cmake/core/ament_package_xml.cmake:49 (_ament_package_xml)
[0.222s]   /opt/ros/iron/share/ament_lint_auto/cmake/ament_lint_auto_find_test_dependencies.cmake:31 (ament_package_xml)
[0.222s]   CMakeLists.txt:23 (ament_lint_auto_find_test_dependencies)
[0.222s] 
[0.222s] [0m
[0.222s] -- Configuring incomplete, errors occurred!
[0.222s] See also "/home/junweil/projects/robot_urdfs/urdf_viewer_template_aliengo/build/aliengo/CMakeFiles/CMakeOutput.log".
[0.227s] Invoked command in '/home/junweil/projects/robot_urdfs/urdf_viewer_template_aliengo/build/aliengo' returned '1': CMAKE_PREFIX_PATH=/opt/ros/iron CONDA_PROMPT_MODIFIER=(base) /usr/bin/cmake /home/junweil/projects/robot_urdfs/urdf_viewer_template_aliengo/src/aliengo -DCMAKE_INSTALL_PREFIX=/home/junweil/projects/robot_urdfs/urdf_viewer_template_aliengo/install/aliengo
