[0.877s] DEBUG:colcon:Command line arguments: ['/usr/bin/colcon', 'build', '--packages-select', 'aliengo']
[0.877s] DEBUG:colcon:Parsed command line arguments: Namespace(log_base=None, log_level=None, verb_name='build', build_base='build', install_base='install', merge_install=False, symlink_install=False, test_result_base=None, continue_on_error=False, executor='parallel', parallel_workers=20, event_handlers=None, ignore_user_meta=False, metas=['./colcon.meta'], base_paths=['.'], packages_ignore=None, packages_ignore_regex=None, paths=None, packages_up_to=None, packages_up_to_regex=None, packages_above=None, packages_above_and_dependencies=None, packages_above_depth=None, packages_select_by_dep=None, packages_skip_by_dep=None, packages_skip_up_to=None, packages_select_build_failed=False, packages_skip_build_finished=False, packages_select_test_failures=False, packages_skip_test_passed=False, packages_select=['aliengo'], packages_skip=None, packages_select_regex=None, packages_skip_regex=None, packages_start=None, packages_end=None, allow_overriding=[], cmake_args=None, cmake_target=None, cmake_target_skip_unavailable=False, cmake_clean_cache=False, cmake_clean_first=False, cmake_force_configure=False, ament_cmake_args=None, catkin_cmake_args=None, catkin_skip_building_tests=False, verb_parser=<colcon_defaults.argument_parser.defaults.DefaultArgumentsDecorator object at 0x773b3cdd84f0>, verb_extension=<colcon_core.verb.build.BuildVerb object at 0x773b3cdd8ac0>, main=<bound method BuildVerb.main of <colcon_core.verb.build.BuildVerb object at 0x773b3cdd8ac0>>)
[0.917s] Level 1:colcon.colcon_core.package_discovery:discover_packages(colcon_meta) check parameters
[0.917s] Level 1:colcon.colcon_core.package_discovery:discover_packages(recursive) check parameters
[0.917s] Level 1:colcon.colcon_core.package_discovery:discover_packages(ignore) check parameters
[0.917s] Level 1:colcon.colcon_core.package_discovery:discover_packages(path) check parameters
[0.917s] Level 1:colcon.colcon_core.package_discovery:discover_packages(colcon_meta) discover
[0.917s] Level 1:colcon.colcon_core.package_discovery:discover_packages(recursive) discover
[0.917s] INFO:colcon.colcon_core.package_discovery:Crawling recursively for packages in '/home/junweil/projects/robot_urdfs/urdf_viewer_template_aliengo'
[0.917s] Level 1:colcon.colcon_core.package_identification:_identify(.) by extensions ['ignore', 'ignore_ament_install']
[0.917s] Level 1:colcon.colcon_core.package_identification:_identify(.) by extension 'ignore'
[0.917s] Level 1:colcon.colcon_core.package_identification:_identify(.) by extension 'ignore_ament_install'
[0.917s] Level 1:colcon.colcon_core.package_identification:_identify(.) by extensions ['colcon_pkg']
[0.917s] Level 1:colcon.colcon_core.package_identification:_identify(.) by extension 'colcon_pkg'
[0.917s] Level 1:colcon.colcon_core.package_identification:_identify(.) by extensions ['colcon_meta']
[0.917s] Level 1:colcon.colcon_core.package_identification:_identify(.) by extension 'colcon_meta'
[0.917s] Level 1:colcon.colcon_core.package_identification:_identify(.) by extensions ['ros']
[0.917s] Level 1:colcon.colcon_core.package_identification:_identify(.) by extension 'ros'
[0.926s] Level 1:colcon.colcon_core.package_identification:_identify(.) by extensions ['cmake', 'python']
[0.926s] Level 1:colcon.colcon_core.package_identification:_identify(.) by extension 'cmake'
[0.926s] Level 1:colcon.colcon_core.package_identification:_identify(.) by extension 'python'
[0.926s] Level 1:colcon.colcon_core.package_identification:_identify(.) by extensions ['python_setup_py']
[0.926s] Level 1:colcon.colcon_core.package_identification:_identify(.) by extension 'python_setup_py'
[0.926s] Level 1:colcon.colcon_core.package_identification:_identify(build) by extensions ['ignore', 'ignore_ament_install']
[0.926s] Level 1:colcon.colcon_core.package_identification:_identify(build) by extension 'ignore'
[0.926s] Level 1:colcon.colcon_core.package_identification:_identify(build) ignored
[0.926s] Level 1:colcon.colcon_core.package_identification:_identify(install) by extensions ['ignore', 'ignore_ament_install']
[0.926s] Level 1:colcon.colcon_core.package_identification:_identify(install) by extension 'ignore'
[0.926s] Level 1:colcon.colcon_core.package_identification:_identify(install) ignored
[0.926s] Level 1:colcon.colcon_core.package_identification:_identify(log) by extensions ['ignore', 'ignore_ament_install']
[0.926s] Level 1:colcon.colcon_core.package_identification:_identify(log) by extension 'ignore'
[0.926s] Level 1:colcon.colcon_core.package_identification:_identify(log) ignored
[0.926s] Level 1:colcon.colcon_core.package_identification:_identify(src) by extensions ['ignore', 'ignore_ament_install']
[0.927s] Level 1:colcon.colcon_core.package_identification:_identify(src) by extension 'ignore'
[0.927s] Level 1:colcon.colcon_core.package_identification:_identify(src) by extension 'ignore_ament_install'
[0.927s] Level 1:colcon.colcon_core.package_identification:_identify(src) by extensions ['colcon_pkg']
[0.927s] Level 1:colcon.colcon_core.package_identification:_identify(src) by extension 'colcon_pkg'
[0.927s] Level 1:colcon.colcon_core.package_identification:_identify(src) by extensions ['colcon_meta']
[0.927s] Level 1:colcon.colcon_core.package_identification:_identify(src) by extension 'colcon_meta'
[0.927s] Level 1:colcon.colcon_core.package_identification:_identify(src) by extensions ['ros']
[0.927s] Level 1:colcon.colcon_core.package_identification:_identify(src) by extension 'ros'
[0.927s] Level 1:colcon.colcon_core.package_identification:_identify(src) by extensions ['cmake', 'python']
[0.927s] Level 1:colcon.colcon_core.package_identification:_identify(src) by extension 'cmake'
[0.927s] Level 1:colcon.colcon_core.package_identification:_identify(src) by extension 'python'
[0.927s] Level 1:colcon.colcon_core.package_identification:_identify(src) by extensions ['python_setup_py']
[0.927s] Level 1:colcon.colcon_core.package_identification:_identify(src) by extension 'python_setup_py'
[0.927s] Level 1:colcon.colcon_core.package_identification:_identify(src/aliengo) by extensions ['ignore', 'ignore_ament_install']
[0.927s] Level 1:colcon.colcon_core.package_identification:_identify(src/aliengo) by extension 'ignore'
[0.927s] Level 1:colcon.colcon_core.package_identification:_identify(src/aliengo) by extension 'ignore_ament_install'
[0.927s] Level 1:colcon.colcon_core.package_identification:_identify(src/aliengo) by extensions ['colcon_pkg']
[0.927s] Level 1:colcon.colcon_core.package_identification:_identify(src/aliengo) by extension 'colcon_pkg'
[0.927s] Level 1:colcon.colcon_core.package_identification:_identify(src/aliengo) by extensions ['colcon_meta']
[0.927s] Level 1:colcon.colcon_core.package_identification:_identify(src/aliengo) by extension 'colcon_meta'
[0.927s] Level 1:colcon.colcon_core.package_identification:_identify(src/aliengo) by extensions ['ros']
[0.927s] Level 1:colcon.colcon_core.package_identification:_identify(src/aliengo) by extension 'ros'
[0.929s] DEBUG:colcon.colcon_core.package_identification:Package 'src/aliengo' with type 'ros.ament_cmake' and name 'aliengo'
[0.929s] Level 1:colcon.colcon_core.package_discovery:discover_packages(recursive) using defaults
[0.929s] Level 1:colcon.colcon_core.package_discovery:discover_packages(ignore) discover
[0.929s] Level 1:colcon.colcon_core.package_discovery:discover_packages(ignore) using defaults
[0.929s] Level 1:colcon.colcon_core.package_discovery:discover_packages(path) discover
[0.929s] Level 1:colcon.colcon_core.package_discovery:discover_packages(path) using defaults
[1.007s] Level 1:colcon.colcon_core.package_discovery:discover_packages(prefix_path) check parameters
[1.007s] Level 1:colcon.colcon_core.package_discovery:discover_packages(prefix_path) discover
[1.045s] DEBUG:colcon.colcon_installed_package_information.package_discovery:Found 286 installed packages in /opt/ros/iron
[1.046s] Level 1:colcon.colcon_core.package_discovery:discover_packages(prefix_path) using defaults
[1.113s] Level 5:colcon.colcon_core.verb:set package 'aliengo' build argument 'cmake_args' from command line to 'None'
[1.113s] Level 5:colcon.colcon_core.verb:set package 'aliengo' build argument 'cmake_target' from command line to 'None'
[1.113s] Level 5:colcon.colcon_core.verb:set package 'aliengo' build argument 'cmake_target_skip_unavailable' from command line to 'False'
[1.113s] Level 5:colcon.colcon_core.verb:set package 'aliengo' build argument 'cmake_clean_cache' from command line to 'False'
[1.113s] Level 5:colcon.colcon_core.verb:set package 'aliengo' build argument 'cmake_clean_first' from command line to 'False'
[1.113s] Level 5:colcon.colcon_core.verb:set package 'aliengo' build argument 'cmake_force_configure' from command line to 'False'
[1.113s] Level 5:colcon.colcon_core.verb:set package 'aliengo' build argument 'ament_cmake_args' from command line to 'None'
[1.113s] Level 5:colcon.colcon_core.verb:set package 'aliengo' build argument 'catkin_cmake_args' from command line to 'None'
[1.113s] Level 5:colcon.colcon_core.verb:set package 'aliengo' build argument 'catkin_skip_building_tests' from command line to 'False'
[1.113s] DEBUG:colcon.colcon_core.verb:Building package 'aliengo' with the following arguments: {'ament_cmake_args': None, 'build_base': '/home/junweil/projects/robot_urdfs/urdf_viewer_template_aliengo/build/aliengo', 'catkin_cmake_args': None, 'catkin_skip_building_tests': False, 'cmake_args': None, 'cmake_clean_cache': False, 'cmake_clean_first': False, 'cmake_force_configure': False, 'cmake_target': None, 'cmake_target_skip_unavailable': False, 'install_base': '/home/junweil/projects/robot_urdfs/urdf_viewer_template_aliengo/install/aliengo', 'merge_install': False, 'path': '/home/junweil/projects/robot_urdfs/urdf_viewer_template_aliengo/src/aliengo', 'symlink_install': False, 'test_result_base': None}
[1.126s] INFO:colcon.colcon_core.executor:Executing jobs using 'parallel' executor
[1.140s] DEBUG:colcon.colcon_parallel_executor.executor.parallel:run_until_complete
[1.140s] INFO:colcon.colcon_ros.task.ament_cmake.build:Building ROS package in '/home/junweil/projects/robot_urdfs/urdf_viewer_template_aliengo/src/aliengo' with build type 'ament_cmake'
[1.140s] INFO:colcon.colcon_cmake.task.cmake.build:Building CMake package in '/home/junweil/projects/robot_urdfs/urdf_viewer_template_aliengo/src/aliengo'
[1.154s] INFO:colcon.colcon_core.plugin_system:Skipping extension 'colcon_core.shell.bat': Not used on non-Windows systems
[1.154s] INFO:colcon.colcon_core.shell:Skip shell extension 'powershell' for command environment: Not usable outside of PowerShell
[1.154s] DEBUG:colcon.colcon_core.shell:Skip shell extension 'dsv' for command environment
[1.189s] DEBUG:colcon.colcon_core.event_handler.log_command:Invoking command in '/home/junweil/projects/robot_urdfs/urdf_viewer_template_aliengo/build/aliengo': CMAKE_PREFIX_PATH=/opt/ros/iron CONDA_PROMPT_MODIFIER=(base) /usr/bin/cmake --build /home/junweil/projects/robot_urdfs/urdf_viewer_template_aliengo/build/aliengo -- -j20 -l20
[1.223s] DEBUG:colcon.colcon_core.event_handler.log_command:Invoked command in '/home/junweil/projects/robot_urdfs/urdf_viewer_template_aliengo/build/aliengo' returned '0': CMAKE_PREFIX_PATH=/opt/ros/iron CONDA_PROMPT_MODIFIER=(base) /usr/bin/cmake --build /home/junweil/projects/robot_urdfs/urdf_viewer_template_aliengo/build/aliengo -- -j20 -l20
[1.255s] DEBUG:colcon.colcon_core.event_handler.log_command:Invoking command in '/home/junweil/projects/robot_urdfs/urdf_viewer_template_aliengo/build/aliengo': CMAKE_PREFIX_PATH=/opt/ros/iron CONDA_PROMPT_MODIFIER=(base) /usr/bin/cmake --install /home/junweil/projects/robot_urdfs/urdf_viewer_template_aliengo/build/aliengo
[1.263s] Level 1:colcon.colcon_core.environment:create_environment_scripts_only(aliengo)
[1.263s] DEBUG:colcon.colcon_core.event_handler.log_command:Invoked command in '/home/junweil/projects/robot_urdfs/urdf_viewer_template_aliengo/build/aliengo' returned '0': CMAKE_PREFIX_PATH=/opt/ros/iron CONDA_PROMPT_MODIFIER=(base) /usr/bin/cmake --install /home/junweil/projects/robot_urdfs/urdf_viewer_template_aliengo/build/aliengo
[1.280s] Level 1:colcon.colcon_core.environment:checking '/home/junweil/projects/robot_urdfs/urdf_viewer_template_aliengo/install/aliengo' for CMake module files
[1.280s] Level 1:colcon.colcon_core.environment:checking '/home/junweil/projects/robot_urdfs/urdf_viewer_template_aliengo/install/aliengo' for CMake config files
[1.281s] Level 1:colcon.colcon_core.shell:create_environment_hook('aliengo', 'cmake_prefix_path')
[1.295s] INFO:colcon.colcon_core.shell:Creating environment hook '/home/junweil/projects/robot_urdfs/urdf_viewer_template_aliengo/install/aliengo/share/aliengo/hook/cmake_prefix_path.ps1'
[1.295s] INFO:colcon.colcon_core.shell:Creating environment descriptor '/home/junweil/projects/robot_urdfs/urdf_viewer_template_aliengo/install/aliengo/share/aliengo/hook/cmake_prefix_path.dsv'
[1.296s] INFO:colcon.colcon_core.shell:Creating environment hook '/home/junweil/projects/robot_urdfs/urdf_viewer_template_aliengo/install/aliengo/share/aliengo/hook/cmake_prefix_path.sh'
[1.296s] Level 1:colcon.colcon_core.environment:checking '/home/junweil/projects/robot_urdfs/urdf_viewer_template_aliengo/install/aliengo/bin'
[1.297s] Level 1:colcon.colcon_core.environment:checking '/home/junweil/projects/robot_urdfs/urdf_viewer_template_aliengo/install/aliengo/lib/pkgconfig/aliengo.pc'
[1.297s] Level 1:colcon.colcon_core.environment:checking '/home/junweil/projects/robot_urdfs/urdf_viewer_template_aliengo/install/aliengo/lib/python3.10/site-packages'
[1.297s] Level 1:colcon.colcon_core.environment:checking '/home/junweil/projects/robot_urdfs/urdf_viewer_template_aliengo/install/aliengo/bin'
[1.310s] INFO:colcon.colcon_core.shell:Creating package script '/home/junweil/projects/robot_urdfs/urdf_viewer_template_aliengo/install/aliengo/share/aliengo/package.ps1'
[1.310s] INFO:colcon.colcon_core.shell:Creating package descriptor '/home/junweil/projects/robot_urdfs/urdf_viewer_template_aliengo/install/aliengo/share/aliengo/package.dsv'
[1.311s] INFO:colcon.colcon_core.shell:Creating package script '/home/junweil/projects/robot_urdfs/urdf_viewer_template_aliengo/install/aliengo/share/aliengo/package.sh'
[1.311s] INFO:colcon.colcon_core.shell:Creating package script '/home/junweil/projects/robot_urdfs/urdf_viewer_template_aliengo/install/aliengo/share/aliengo/package.bash'
[1.312s] INFO:colcon.colcon_core.shell:Creating package script '/home/junweil/projects/robot_urdfs/urdf_viewer_template_aliengo/install/aliengo/share/aliengo/package.zsh'
[1.312s] Level 1:colcon.colcon_core.environment:create_file_with_runtime_dependencies(/home/junweil/projects/robot_urdfs/urdf_viewer_template_aliengo/install/aliengo/share/colcon-core/packages/aliengo)
[1.358s] Level 1:colcon.colcon_core.environment:create_environment_scripts_only(aliengo)
[1.371s] Level 1:colcon.colcon_core.environment:checking '/home/junweil/projects/robot_urdfs/urdf_viewer_template_aliengo/install/aliengo' for CMake module files
[1.371s] Level 1:colcon.colcon_core.environment:checking '/home/junweil/projects/robot_urdfs/urdf_viewer_template_aliengo/install/aliengo' for CMake config files
[1.371s] Level 1:colcon.colcon_core.shell:create_environment_hook('aliengo', 'cmake_prefix_path')
[1.384s] INFO:colcon.colcon_core.shell:Creating environment hook '/home/junweil/projects/robot_urdfs/urdf_viewer_template_aliengo/install/aliengo/share/aliengo/hook/cmake_prefix_path.ps1'
[1.384s] INFO:colcon.colcon_core.shell:Creating environment descriptor '/home/junweil/projects/robot_urdfs/urdf_viewer_template_aliengo/install/aliengo/share/aliengo/hook/cmake_prefix_path.dsv'
[1.384s] INFO:colcon.colcon_core.shell:Creating environment hook '/home/junweil/projects/robot_urdfs/urdf_viewer_template_aliengo/install/aliengo/share/aliengo/hook/cmake_prefix_path.sh'
[1.385s] Level 1:colcon.colcon_core.environment:checking '/home/junweil/projects/robot_urdfs/urdf_viewer_template_aliengo/install/aliengo/bin'
[1.385s] Level 1:colcon.colcon_core.environment:checking '/home/junweil/projects/robot_urdfs/urdf_viewer_template_aliengo/install/aliengo/lib/pkgconfig/aliengo.pc'
[1.385s] Level 1:colcon.colcon_core.environment:checking '/home/junweil/projects/robot_urdfs/urdf_viewer_template_aliengo/install/aliengo/lib/python3.10/site-packages'
[1.385s] Level 1:colcon.colcon_core.environment:checking '/home/junweil/projects/robot_urdfs/urdf_viewer_template_aliengo/install/aliengo/bin'
[1.398s] INFO:colcon.colcon_core.shell:Creating package script '/home/junweil/projects/robot_urdfs/urdf_viewer_template_aliengo/install/aliengo/share/aliengo/package.ps1'
[1.398s] INFO:colcon.colcon_core.shell:Creating package descriptor '/home/junweil/projects/robot_urdfs/urdf_viewer_template_aliengo/install/aliengo/share/aliengo/package.dsv'
[1.398s] INFO:colcon.colcon_core.shell:Creating package script '/home/junweil/projects/robot_urdfs/urdf_viewer_template_aliengo/install/aliengo/share/aliengo/package.sh'
[1.399s] INFO:colcon.colcon_core.shell:Creating package script '/home/junweil/projects/robot_urdfs/urdf_viewer_template_aliengo/install/aliengo/share/aliengo/package.bash'
[1.399s] INFO:colcon.colcon_core.shell:Creating package script '/home/junweil/projects/robot_urdfs/urdf_viewer_template_aliengo/install/aliengo/share/aliengo/package.zsh'
[1.399s] Level 1:colcon.colcon_core.environment:create_file_with_runtime_dependencies(/home/junweil/projects/robot_urdfs/urdf_viewer_template_aliengo/install/aliengo/share/colcon-core/packages/aliengo)
[1.399s] DEBUG:colcon.colcon_parallel_executor.executor.parallel:closing loop
[1.400s] DEBUG:colcon.colcon_parallel_executor.executor.parallel:loop closed
[1.400s] DEBUG:colcon.colcon_parallel_executor.executor.parallel:run_until_complete finished with '0'
[1.400s] DEBUG:colcon.colcon_core.event_reactor:joining thread
[1.419s] INFO:colcon.colcon_core.plugin_system:Skipping extension 'colcon_notification.desktop_notification.terminal_notifier': Not used on non-Darwin systems
[1.419s] INFO:colcon.colcon_core.plugin_system:Skipping extension 'colcon_notification.desktop_notification.win32': Not used on non-Windows systems
[1.419s] INFO:colcon.colcon_notification.desktop_notification:Sending desktop notification using 'notify2'
[1.428s] DEBUG:colcon.colcon_core.event_reactor:joined thread
[1.443s] INFO:colcon.colcon_core.shell:Creating prefix script '/home/junweil/projects/robot_urdfs/urdf_viewer_template_aliengo/install/local_setup.ps1'
[1.443s] INFO:colcon.colcon_core.shell:Creating prefix util module '/home/junweil/projects/robot_urdfs/urdf_viewer_template_aliengo/install/_local_setup_util_ps1.py'
[1.444s] INFO:colcon.colcon_core.shell:Creating prefix chain script '/home/junweil/projects/robot_urdfs/urdf_viewer_template_aliengo/install/setup.ps1'
[1.458s] INFO:colcon.colcon_core.shell:Creating prefix script '/home/junweil/projects/robot_urdfs/urdf_viewer_template_aliengo/install/local_setup.sh'
[1.458s] INFO:colcon.colcon_core.shell:Creating prefix util module '/home/junweil/projects/robot_urdfs/urdf_viewer_template_aliengo/install/_local_setup_util_sh.py'
[1.458s] INFO:colcon.colcon_core.shell:Creating prefix chain script '/home/junweil/projects/robot_urdfs/urdf_viewer_template_aliengo/install/setup.sh'
[1.471s] INFO:colcon.colcon_core.shell:Creating prefix script '/home/junweil/projects/robot_urdfs/urdf_viewer_template_aliengo/install/local_setup.bash'
[1.472s] INFO:colcon.colcon_core.shell:Creating prefix chain script '/home/junweil/projects/robot_urdfs/urdf_viewer_template_aliengo/install/setup.bash'
[1.485s] INFO:colcon.colcon_core.shell:Creating prefix script '/home/junweil/projects/robot_urdfs/urdf_viewer_template_aliengo/install/local_setup.zsh'
[1.485s] INFO:colcon.colcon_core.shell:Creating prefix chain script '/home/junweil/projects/robot_urdfs/urdf_viewer_template_aliengo/install/setup.zsh'
