-- Install configuration: ""
-- Up-to-date: /home/junweil/projects/robot_urdfs/urdf_viewer_template_aliengo/install/aliengoz1/share/aliengoz1/config
-- Up-to-date: /home/junweil/projects/robot_urdfs/urdf_viewer_template_aliengo/install/aliengoz1/share/aliengoz1/launch
-- Up-to-date: /home/junweil/projects/robot_urdfs/urdf_viewer_template_aliengo/install/aliengoz1/share/aliengoz1/launch/aliengoz1.launch.py
-- Up-to-date: /home/junweil/projects/robot_urdfs/urdf_viewer_template_aliengo/install/aliengoz1/share/aliengoz1/maps
-- Up-to-date: /home/junweil/projects/robot_urdfs/urdf_viewer_template_aliengo/install/aliengoz1/share/aliengoz1/meshes
-- Up-to-date: /home/junweil/projects/robot_urdfs/urdf_viewer_template_aliengo/install/aliengoz1/share/aliengoz1/meshes/thigh_mirror.dae
-- Up-to-date: /home/junweil/projects/robot_urdfs/urdf_viewer_template_aliengo/install/aliengoz1/share/aliengoz1/meshes/trunk_uv_base_final.png
-- Up-to-date: /home/junweil/projects/robot_urdfs/urdf_viewer_template_aliengo/install/aliengoz1/share/aliengoz1/meshes/hip.dae
-- Up-to-date: /home/junweil/projects/robot_urdfs/urdf_viewer_template_aliengo/install/aliengoz1/share/aliengoz1/meshes/collision
-- Up-to-date: /home/junweil/projects/robot_urdfs/urdf_viewer_template_aliengo/install/aliengoz1/share/aliengoz1/meshes/collision/z1_Link06.STL
-- Up-to-date: /home/junweil/projects/robot_urdfs/urdf_viewer_template_aliengo/install/aliengoz1/share/aliengoz1/meshes/collision/z1_Link02.STL
-- Up-to-date: /home/junweil/projects/robot_urdfs/urdf_viewer_template_aliengo/install/aliengoz1/share/aliengoz1/meshes/collision/z1_Link04.STL
-- Up-to-date: /home/junweil/projects/robot_urdfs/urdf_viewer_template_aliengo/install/aliengoz1/share/aliengoz1/meshes/collision/z1_GripperMover.STL
-- Up-to-date: /home/junweil/projects/robot_urdfs/urdf_viewer_template_aliengo/install/aliengoz1/share/aliengoz1/meshes/collision/z1_Link03.STL
-- Up-to-date: /home/junweil/projects/robot_urdfs/urdf_viewer_template_aliengo/install/aliengoz1/share/aliengoz1/meshes/collision/z1_GripperStator.STL
-- Up-to-date: /home/junweil/projects/robot_urdfs/urdf_viewer_template_aliengo/install/aliengoz1/share/aliengoz1/meshes/collision/z1_Link05.STL
-- Up-to-date: /home/junweil/projects/robot_urdfs/urdf_viewer_template_aliengo/install/aliengoz1/share/aliengoz1/meshes/collision/z1_Link00.STL
-- Up-to-date: /home/junweil/projects/robot_urdfs/urdf_viewer_template_aliengo/install/aliengoz1/share/aliengoz1/meshes/collision/z1_Link01.STL
-- Up-to-date: /home/junweil/projects/robot_urdfs/urdf_viewer_template_aliengo/install/aliengoz1/share/aliengoz1/meshes/trunk.dae
-- Up-to-date: /home/junweil/projects/robot_urdfs/urdf_viewer_template_aliengo/install/aliengoz1/share/aliengoz1/meshes/calf.dae
-- Up-to-date: /home/junweil/projects/robot_urdfs/urdf_viewer_template_aliengo/install/aliengoz1/share/aliengoz1/meshes/visual
-- Up-to-date: /home/junweil/projects/robot_urdfs/urdf_viewer_template_aliengo/install/aliengoz1/share/aliengoz1/meshes/visual/z1_Link05.dae
-- Up-to-date: /home/junweil/projects/robot_urdfs/urdf_viewer_template_aliengo/install/aliengoz1/share/aliengoz1/meshes/visual/z1_Link04.dae
-- Up-to-date: /home/junweil/projects/robot_urdfs/urdf_viewer_template_aliengo/install/aliengoz1/share/aliengoz1/meshes/visual/z1_Link06.dae
-- Up-to-date: /home/junweil/projects/robot_urdfs/urdf_viewer_template_aliengo/install/aliengoz1/share/aliengoz1/meshes/visual/z1_Link01.dae
-- Up-to-date: /home/junweil/projects/robot_urdfs/urdf_viewer_template_aliengo/install/aliengoz1/share/aliengoz1/meshes/visual/z1_Link03.dae
-- Up-to-date: /home/junweil/projects/robot_urdfs/urdf_viewer_template_aliengo/install/aliengoz1/share/aliengoz1/meshes/visual/z1_Link00.dae
-- Up-to-date: /home/junweil/projects/robot_urdfs/urdf_viewer_template_aliengo/install/aliengoz1/share/aliengoz1/meshes/visual/z1_GripperStator.dae
-- Up-to-date: /home/junweil/projects/robot_urdfs/urdf_viewer_template_aliengo/install/aliengoz1/share/aliengoz1/meshes/visual/z1_Link02.dae
-- Up-to-date: /home/junweil/projects/robot_urdfs/urdf_viewer_template_aliengo/install/aliengoz1/share/aliengoz1/meshes/visual/z1_GripperMover.dae
-- Up-to-date: /home/junweil/projects/robot_urdfs/urdf_viewer_template_aliengo/install/aliengoz1/share/aliengoz1/meshes/thigh.dae
-- Up-to-date: /home/junweil/projects/robot_urdfs/urdf_viewer_template_aliengo/install/aliengoz1/share/aliengoz1/models
-- Up-to-date: /home/junweil/projects/robot_urdfs/urdf_viewer_template_aliengo/install/aliengoz1/share/aliengoz1/params
-- Up-to-date: /home/junweil/projects/robot_urdfs/urdf_viewer_template_aliengo/install/aliengoz1/share/aliengoz1/rviz
-- Up-to-date: /home/junweil/projects/robot_urdfs/urdf_viewer_template_aliengo/install/aliengoz1/share/aliengoz1/rviz/rviz_basic_settings.rviz
-- Up-to-date: /home/junweil/projects/robot_urdfs/urdf_viewer_template_aliengo/install/aliengoz1/share/aliengoz1/src
-- Up-to-date: /home/junweil/projects/robot_urdfs/urdf_viewer_template_aliengo/install/aliengoz1/share/aliengoz1/urdf
-- Installing: /home/junweil/projects/robot_urdfs/urdf_viewer_template_aliengo/install/aliengoz1/share/aliengoz1/urdf/aliengoz1.urdf
-- Up-to-date: /home/junweil/projects/robot_urdfs/urdf_viewer_template_aliengo/install/aliengoz1/share/aliengoz1/worlds
-- Up-to-date: /home/junweil/projects/robot_urdfs/urdf_viewer_template_aliengo/install/aliengoz1/share/ament_index/resource_index/package_run_dependencies/aliengoz1
-- Up-to-date: /home/junweil/projects/robot_urdfs/urdf_viewer_template_aliengo/install/aliengoz1/share/ament_index/resource_index/parent_prefix_path/aliengoz1
-- Up-to-date: /home/junweil/projects/robot_urdfs/urdf_viewer_template_aliengo/install/aliengoz1/share/aliengoz1/environment/ament_prefix_path.sh
-- Up-to-date: /home/junweil/projects/robot_urdfs/urdf_viewer_template_aliengo/install/aliengoz1/share/aliengoz1/environment/ament_prefix_path.dsv
-- Up-to-date: /home/junweil/projects/robot_urdfs/urdf_viewer_template_aliengo/install/aliengoz1/share/aliengoz1/environment/path.sh
-- Up-to-date: /home/junweil/projects/robot_urdfs/urdf_viewer_template_aliengo/install/aliengoz1/share/aliengoz1/environment/path.dsv
-- Up-to-date: /home/junweil/projects/robot_urdfs/urdf_viewer_template_aliengo/install/aliengoz1/share/aliengoz1/local_setup.bash
-- Up-to-date: /home/junweil/projects/robot_urdfs/urdf_viewer_template_aliengo/install/aliengoz1/share/aliengoz1/local_setup.sh
-- Up-to-date: /home/junweil/projects/robot_urdfs/urdf_viewer_template_aliengo/install/aliengoz1/share/aliengoz1/local_setup.zsh
-- Up-to-date: /home/junweil/projects/robot_urdfs/urdf_viewer_template_aliengo/install/aliengoz1/share/aliengoz1/local_setup.dsv
-- Installing: /home/junweil/projects/robot_urdfs/urdf_viewer_template_aliengo/install/aliengoz1/share/aliengoz1/package.dsv
-- Up-to-date: /home/junweil/projects/robot_urdfs/urdf_viewer_template_aliengo/install/aliengoz1/share/ament_index/resource_index/packages/aliengoz1
-- Up-to-date: /home/junweil/projects/robot_urdfs/urdf_viewer_template_aliengo/install/aliengoz1/share/aliengoz1/cmake/aliengoz1Config.cmake
-- Up-to-date: /home/junweil/projects/robot_urdfs/urdf_viewer_template_aliengo/install/aliengoz1/share/aliengoz1/cmake/aliengoz1Config-version.cmake
-- Up-to-date: /home/junweil/projects/robot_urdfs/urdf_viewer_template_aliengo/install/aliengoz1/share/aliengoz1/package.xml
