[0.026s] Invoking command in '/home/junweil/projects/robot_urdfs/urdf_viewer_template_aliengo/build/aliengoz1': CONDA_PROMPT_MODIFIER=(base) /usr/bin/cmake --build /home/junweil/projects/robot_urdfs/urdf_viewer_template_aliengo/build/aliengoz1 -- -j20 -l20
[0.061s] Invoked command in '/home/junweil/projects/robot_urdfs/urdf_viewer_template_aliengo/build/aliengoz1' returned '0': CONDA_PROMPT_MODIFIER=(base) /usr/bin/cmake --build /home/junweil/projects/robot_urdfs/urdf_viewer_template_aliengo/build/aliengoz1 -- -j20 -l20
[0.089s] Invoking command in '/home/junweil/projects/robot_urdfs/urdf_viewer_template_aliengo/build/aliengoz1': CONDA_PROMPT_MODIFIER=(base) /usr/bin/cmake --install /home/junweil/projects/robot_urdfs/urdf_viewer_template_aliengo/build/aliengoz1
[0.093s] -- Install configuration: ""
[0.094s] -- Up-to-date: /home/junweil/projects/robot_urdfs/urdf_viewer_template_aliengo/install/aliengoz1/share/aliengoz1/config
[0.094s] -- Up-to-date: /home/junweil/projects/robot_urdfs/urdf_viewer_template_aliengo/install/aliengoz1/share/aliengoz1/launch
[0.094s] -- Up-to-date: /home/junweil/projects/robot_urdfs/urdf_viewer_template_aliengo/install/aliengoz1/share/aliengoz1/launch/aliengoz1.launch.py
[0.094s] -- Up-to-date: /home/junweil/projects/robot_urdfs/urdf_viewer_template_aliengo/install/aliengoz1/share/aliengoz1/maps
[0.094s] -- Up-to-date: /home/junweil/projects/robot_urdfs/urdf_viewer_template_aliengo/install/aliengoz1/share/aliengoz1/meshes
[0.094s] -- Up-to-date: /home/junweil/projects/robot_urdfs/urdf_viewer_template_aliengo/install/aliengoz1/share/aliengoz1/meshes/thigh_mirror.dae
[0.094s] -- Up-to-date: /home/junweil/projects/robot_urdfs/urdf_viewer_template_aliengo/install/aliengoz1/share/aliengoz1/meshes/trunk_uv_base_final.png
[0.094s] -- Up-to-date: /home/junweil/projects/robot_urdfs/urdf_viewer_template_aliengo/install/aliengoz1/share/aliengoz1/meshes/hip.dae
[0.094s] -- Up-to-date: /home/junweil/projects/robot_urdfs/urdf_viewer_template_aliengo/install/aliengoz1/share/aliengoz1/meshes/collision
[0.094s] -- Up-to-date: /home/junweil/projects/robot_urdfs/urdf_viewer_template_aliengo/install/aliengoz1/share/aliengoz1/meshes/collision/z1_Link06.STL
[0.094s] -- Up-to-date: /home/junweil/projects/robot_urdfs/urdf_viewer_template_aliengo/install/aliengoz1/share/aliengoz1/meshes/collision/z1_Link02.STL
[0.094s] -- Up-to-date: /home/junweil/projects/robot_urdfs/urdf_viewer_template_aliengo/install/aliengoz1/share/aliengoz1/meshes/collision/z1_Link04.STL
[0.095s] -- Up-to-date: /home/junweil/projects/robot_urdfs/urdf_viewer_template_aliengo/install/aliengoz1/share/aliengoz1/meshes/collision/z1_GripperMover.STL
[0.095s] -- Up-to-date: /home/junweil/projects/robot_urdfs/urdf_viewer_template_aliengo/install/aliengoz1/share/aliengoz1/meshes/collision/z1_Link03.STL
[0.095s] -- Up-to-date: /home/junweil/projects/robot_urdfs/urdf_viewer_template_aliengo/install/aliengoz1/share/aliengoz1/meshes/collision/z1_GripperStator.STL
[0.095s] -- Up-to-date: /home/junweil/projects/robot_urdfs/urdf_viewer_template_aliengo/install/aliengoz1/share/aliengoz1/meshes/collision/z1_Link05.STL
[0.095s] -- Up-to-date: /home/junweil/projects/robot_urdfs/urdf_viewer_template_aliengo/install/aliengoz1/share/aliengoz1/meshes/collision/z1_Link00.STL
[0.095s] -- Up-to-date: /home/junweil/projects/robot_urdfs/urdf_viewer_template_aliengo/install/aliengoz1/share/aliengoz1/meshes/collision/z1_Link01.STL
[0.095s] -- Up-to-date: /home/junweil/projects/robot_urdfs/urdf_viewer_template_aliengo/install/aliengoz1/share/aliengoz1/meshes/trunk.dae
[0.095s] -- Up-to-date: /home/junweil/projects/robot_urdfs/urdf_viewer_template_aliengo/install/aliengoz1/share/aliengoz1/meshes/calf.dae
[0.095s] -- Up-to-date: /home/junweil/projects/robot_urdfs/urdf_viewer_template_aliengo/install/aliengoz1/share/aliengoz1/meshes/visual
[0.095s] -- Up-to-date: /home/junweil/projects/robot_urdfs/urdf_viewer_template_aliengo/install/aliengoz1/share/aliengoz1/meshes/visual/z1_Link05.dae
[0.095s] -- Up-to-date: /home/junweil/projects/robot_urdfs/urdf_viewer_template_aliengo/install/aliengoz1/share/aliengoz1/meshes/visual/z1_Link04.dae
[0.095s] -- Up-to-date: /home/junweil/projects/robot_urdfs/urdf_viewer_template_aliengo/install/aliengoz1/share/aliengoz1/meshes/visual/z1_Link06.dae
[0.095s] -- Up-to-date: /home/junweil/projects/robot_urdfs/urdf_viewer_template_aliengo/install/aliengoz1/share/aliengoz1/meshes/visual/z1_Link01.dae
[0.095s] -- Up-to-date: /home/junweil/projects/robot_urdfs/urdf_viewer_template_aliengo/install/aliengoz1/share/aliengoz1/meshes/visual/z1_Link03.dae
[0.095s] -- Up-to-date: /home/junweil/projects/robot_urdfs/urdf_viewer_template_aliengo/install/aliengoz1/share/aliengoz1/meshes/visual/z1_Link00.dae
[0.095s] -- Up-to-date: /home/junweil/projects/robot_urdfs/urdf_viewer_template_aliengo/install/aliengoz1/share/aliengoz1/meshes/visual/z1_GripperStator.dae
[0.096s] -- Up-to-date: /home/junweil/projects/robot_urdfs/urdf_viewer_template_aliengo/install/aliengoz1/share/aliengoz1/meshes/visual/z1_Link02.dae
[0.096s] -- Up-to-date: /home/junweil/projects/robot_urdfs/urdf_viewer_template_aliengo/install/aliengoz1/share/aliengoz1/meshes/visual/z1_GripperMover.dae
[0.096s] -- Up-to-date: /home/junweil/projects/robot_urdfs/urdf_viewer_template_aliengo/install/aliengoz1/share/aliengoz1/meshes/thigh.dae
[0.096s] -- Up-to-date: /home/junweil/projects/robot_urdfs/urdf_viewer_template_aliengo/install/aliengoz1/share/aliengoz1/models
[0.096s] -- Up-to-date: /home/junweil/projects/robot_urdfs/urdf_viewer_template_aliengo/install/aliengoz1/share/aliengoz1/params
[0.096s] -- Up-to-date: /home/junweil/projects/robot_urdfs/urdf_viewer_template_aliengo/install/aliengoz1/share/aliengoz1/rviz
[0.096s] -- Up-to-date: /home/junweil/projects/robot_urdfs/urdf_viewer_template_aliengo/install/aliengoz1/share/aliengoz1/rviz/rviz_basic_settings.rviz
[0.096s] -- Up-to-date: /home/junweil/projects/robot_urdfs/urdf_viewer_template_aliengo/install/aliengoz1/share/aliengoz1/src
[0.096s] -- Up-to-date: /home/junweil/projects/robot_urdfs/urdf_viewer_template_aliengo/install/aliengoz1/share/aliengoz1/urdf
[0.096s] -- Installing: /home/junweil/projects/robot_urdfs/urdf_viewer_template_aliengo/install/aliengoz1/share/aliengoz1/urdf/aliengoz1.urdf
[0.096s] -- Up-to-date: /home/junweil/projects/robot_urdfs/urdf_viewer_template_aliengo/install/aliengoz1/share/aliengoz1/worlds
[0.096s] -- Up-to-date: /home/junweil/projects/robot_urdfs/urdf_viewer_template_aliengo/install/aliengoz1/share/ament_index/resource_index/package_run_dependencies/aliengoz1
[0.096s] -- Up-to-date: /home/junweil/projects/robot_urdfs/urdf_viewer_template_aliengo/install/aliengoz1/share/ament_index/resource_index/parent_prefix_path/aliengoz1
[0.096s] -- Up-to-date: /home/junweil/projects/robot_urdfs/urdf_viewer_template_aliengo/install/aliengoz1/share/aliengoz1/environment/ament_prefix_path.sh
[0.096s] -- Up-to-date: /home/junweil/projects/robot_urdfs/urdf_viewer_template_aliengo/install/aliengoz1/share/aliengoz1/environment/ament_prefix_path.dsv
[0.096s] -- Up-to-date: /home/junweil/projects/robot_urdfs/urdf_viewer_template_aliengo/install/aliengoz1/share/aliengoz1/environment/path.sh
[0.096s] -- Up-to-date: /home/junweil/projects/robot_urdfs/urdf_viewer_template_aliengo/install/aliengoz1/share/aliengoz1/environment/path.dsv
[0.096s] -- Up-to-date: /home/junweil/projects/robot_urdfs/urdf_viewer_template_aliengo/install/aliengoz1/share/aliengoz1/local_setup.bash
[0.096s] -- Up-to-date: /home/junweil/projects/robot_urdfs/urdf_viewer_template_aliengo/install/aliengoz1/share/aliengoz1/local_setup.sh
[0.096s] -- Up-to-date: /home/junweil/projects/robot_urdfs/urdf_viewer_template_aliengo/install/aliengoz1/share/aliengoz1/local_setup.zsh
[0.096s] -- Up-to-date: /home/junweil/projects/robot_urdfs/urdf_viewer_template_aliengo/install/aliengoz1/share/aliengoz1/local_setup.dsv
[0.097s] -- Installing: /home/junweil/projects/robot_urdfs/urdf_viewer_template_aliengo/install/aliengoz1/share/aliengoz1/package.dsv
[0.097s] -- Up-to-date: /home/junweil/projects/robot_urdfs/urdf_viewer_template_aliengo/install/aliengoz1/share/ament_index/resource_index/packages/aliengoz1
[0.097s] -- Up-to-date: /home/junweil/projects/robot_urdfs/urdf_viewer_template_aliengo/install/aliengoz1/share/aliengoz1/cmake/aliengoz1Config.cmake
[0.097s] -- Up-to-date: /home/junweil/projects/robot_urdfs/urdf_viewer_template_aliengo/install/aliengoz1/share/aliengoz1/cmake/aliengoz1Config-version.cmake
[0.097s] -- Up-to-date: /home/junweil/projects/robot_urdfs/urdf_viewer_template_aliengo/install/aliengoz1/share/aliengoz1/package.xml
[0.097s] Invoked command in '/home/junweil/projects/robot_urdfs/urdf_viewer_template_aliengo/build/aliengoz1' returned '0': CONDA_PROMPT_MODIFIER=(base) /usr/bin/cmake --install /home/junweil/projects/robot_urdfs/urdf_viewer_template_aliengo/build/aliengoz1
