-- Install configuration: ""
-- Up-to-date: /home/junweil/projects/robot_urdfs/urdf_viewer_template_aliengo/install/aliengo/share/aliengo/config
-- Up-to-date: /home/junweil/projects/robot_urdfs/urdf_viewer_template_aliengo/install/aliengo/share/aliengo/launch
-- Up-to-date: /home/junweil/projects/robot_urdfs/urdf_viewer_template_aliengo/install/aliengo/share/aliengo/launch/aliengo.launch.py
-- Up-to-date: /home/junweil/projects/robot_urdfs/urdf_viewer_template_aliengo/install/aliengo/share/aliengo/maps
-- Up-to-date: /home/junweil/projects/robot_urdfs/urdf_viewer_template_aliengo/install/aliengo/share/aliengo/meshes
-- Up-to-date: /home/junweil/projects/robot_urdfs/urdf_viewer_template_aliengo/install/aliengo/share/aliengo/meshes/thigh_mirror.dae
-- Up-to-date: /home/junweil/projects/robot_urdfs/urdf_viewer_template_aliengo/install/aliengo/share/aliengo/meshes/trunk_uv_base_final.png
-- Up-to-date: /home/junweil/projects/robot_urdfs/urdf_viewer_template_aliengo/install/aliengo/share/aliengo/meshes/hip.dae
-- Up-to-date: /home/junweil/projects/robot_urdfs/urdf_viewer_template_aliengo/install/aliengo/share/aliengo/meshes/trunk.dae
-- Up-to-date: /home/junweil/projects/robot_urdfs/urdf_viewer_template_aliengo/install/aliengo/share/aliengo/meshes/calf.dae
-- Up-to-date: /home/junweil/projects/robot_urdfs/urdf_viewer_template_aliengo/install/aliengo/share/aliengo/meshes/thigh.dae
-- Up-to-date: /home/junweil/projects/robot_urdfs/urdf_viewer_template_aliengo/install/aliengo/share/aliengo/models
-- Up-to-date: /home/junweil/projects/robot_urdfs/urdf_viewer_template_aliengo/install/aliengo/share/aliengo/params
-- Up-to-date: /home/junweil/projects/robot_urdfs/urdf_viewer_template_aliengo/install/aliengo/share/aliengo/rviz
-- Up-to-date: /home/junweil/projects/robot_urdfs/urdf_viewer_template_aliengo/install/aliengo/share/aliengo/rviz/rviz_basic_settings.rviz
-- Up-to-date: /home/junweil/projects/robot_urdfs/urdf_viewer_template_aliengo/install/aliengo/share/aliengo/src
-- Up-to-date: /home/junweil/projects/robot_urdfs/urdf_viewer_template_aliengo/install/aliengo/share/aliengo/urdf
-- Installing: /home/junweil/projects/robot_urdfs/urdf_viewer_template_aliengo/install/aliengo/share/aliengo/urdf/aliengo.urdf
-- Up-to-date: /home/junweil/projects/robot_urdfs/urdf_viewer_template_aliengo/install/aliengo/share/aliengo/worlds
-- Up-to-date: /home/junweil/projects/robot_urdfs/urdf_viewer_template_aliengo/install/aliengo/share/ament_index/resource_index/package_run_dependencies/aliengo
-- Up-to-date: /home/junweil/projects/robot_urdfs/urdf_viewer_template_aliengo/install/aliengo/share/ament_index/resource_index/parent_prefix_path/aliengo
-- Up-to-date: /home/junweil/projects/robot_urdfs/urdf_viewer_template_aliengo/install/aliengo/share/aliengo/environment/ament_prefix_path.sh
-- Up-to-date: /home/junweil/projects/robot_urdfs/urdf_viewer_template_aliengo/install/aliengo/share/aliengo/environment/ament_prefix_path.dsv
-- Up-to-date: /home/junweil/projects/robot_urdfs/urdf_viewer_template_aliengo/install/aliengo/share/aliengo/environment/path.sh
-- Up-to-date: /home/junweil/projects/robot_urdfs/urdf_viewer_template_aliengo/install/aliengo/share/aliengo/environment/path.dsv
-- Up-to-date: /home/junweil/projects/robot_urdfs/urdf_viewer_template_aliengo/install/aliengo/share/aliengo/local_setup.bash
-- Up-to-date: /home/junweil/projects/robot_urdfs/urdf_viewer_template_aliengo/install/aliengo/share/aliengo/local_setup.sh
-- Up-to-date: /home/junweil/projects/robot_urdfs/urdf_viewer_template_aliengo/install/aliengo/share/aliengo/local_setup.zsh
-- Up-to-date: /home/junweil/projects/robot_urdfs/urdf_viewer_template_aliengo/install/aliengo/share/aliengo/local_setup.dsv
-- Installing: /home/junweil/projects/robot_urdfs/urdf_viewer_template_aliengo/install/aliengo/share/aliengo/package.dsv
-- Up-to-date: /home/junweil/projects/robot_urdfs/urdf_viewer_template_aliengo/install/aliengo/share/ament_index/resource_index/packages/aliengo
-- Up-to-date: /home/junweil/projects/robot_urdfs/urdf_viewer_template_aliengo/install/aliengo/share/aliengo/cmake/aliengoConfig.cmake
-- Up-to-date: /home/junweil/projects/robot_urdfs/urdf_viewer_template_aliengo/install/aliengo/share/aliengo/cmake/aliengoConfig-version.cmake
-- Up-to-date: /home/junweil/projects/robot_urdfs/urdf_viewer_template_aliengo/install/aliengo/share/aliengo/package.xml
