[0.051s] Invoking command in '/home/junweil/projects/robot_urdfs/urdf_viewer_template_aliengo/build/aliengoZ1': CMAKE_PREFIX_PATH=/opt/ros/iron CONDA_PROMPT_MODIFIER=(base) /usr/bin/cmake /home/junweil/projects/robot_urdfs/urdf_viewer_template_aliengo/src/aliengoZ1 -DCMAKE_INSTALL_PREFIX=/home/junweil/projects/robot_urdfs/urdf_viewer_template_aliengo/install/aliengoZ1
[0.099s] -- The C compiler identification is GNU 11.4.0
[0.145s] -- The CXX compiler identification is GNU 11.4.0
[0.150s] -- Detecting C compiler ABI info
[0.215s] -- Detecting C compiler ABI info - done
[0.227s] -- Check for working C compiler: /usr/bin/cc - skipped
[0.227s] -- Detecting C compile features
[0.227s] -- Detecting C compile features - done
[0.229s] -- Detecting CXX compiler ABI info
[0.307s] -- Detecting CXX compiler ABI info - done
[0.318s] -- Check for working CXX compiler: /usr/bin/c++ - skipped
[0.318s] -- Detecting CXX compile features
[0.318s] -- Detecting CXX compile features - done
[0.320s] -- Found ament_cmake: 2.0.4 (/opt/ros/iron/share/ament_cmake/cmake)
[0.614s] -- Found Python3: /home/junweil/mambaforge/bin/python3.10 (found version "3.10.12") found components: Interpreter 
[0.694s] -- Found ament_lint_auto: 0.14.3 (/opt/ros/iron/share/ament_lint_auto/cmake)
[0.750s] WARNING: Package name "aliengoZ1" does not follow the naming conventions. It should start with a lower case letter and only contain lower case letters, digits, underscores, and dashes.
[0.769s] -- Added test 'lint_cmake' to check CMake code style
[0.769s] -- Added test 'xmllint' to check XML markup files
[0.770s] -- Configuring done
[0.772s] -- Generating done
[0.772s] -- Build files have been written to: /home/junweil/projects/robot_urdfs/urdf_viewer_template_aliengo/build/aliengoZ1
[0.777s] Invoked command in '/home/junweil/projects/robot_urdfs/urdf_viewer_template_aliengo/build/aliengoZ1' returned '0': CMAKE_PREFIX_PATH=/opt/ros/iron CONDA_PROMPT_MODIFIER=(base) /usr/bin/cmake /home/junweil/projects/robot_urdfs/urdf_viewer_template_aliengo/src/aliengoZ1 -DCMAKE_INSTALL_PREFIX=/home/junweil/projects/robot_urdfs/urdf_viewer_template_aliengo/install/aliengoZ1
[0.780s] Invoking command in '/home/junweil/projects/robot_urdfs/urdf_viewer_template_aliengo/build/aliengoZ1': CMAKE_PREFIX_PATH=/opt/ros/iron CONDA_PROMPT_MODIFIER=(base) /usr/bin/cmake --build /home/junweil/projects/robot_urdfs/urdf_viewer_template_aliengo/build/aliengoZ1 -- -j20 -l20
[0.817s] Invoked command in '/home/junweil/projects/robot_urdfs/urdf_viewer_template_aliengo/build/aliengoZ1' returned '0': CMAKE_PREFIX_PATH=/opt/ros/iron CONDA_PROMPT_MODIFIER=(base) /usr/bin/cmake --build /home/junweil/projects/robot_urdfs/urdf_viewer_template_aliengo/build/aliengoZ1 -- -j20 -l20
[0.845s] Invoking command in '/home/junweil/projects/robot_urdfs/urdf_viewer_template_aliengo/build/aliengoZ1': CMAKE_PREFIX_PATH=/opt/ros/iron CONDA_PROMPT_MODIFIER=(base) /usr/bin/cmake --install /home/junweil/projects/robot_urdfs/urdf_viewer_template_aliengo/build/aliengoZ1
[0.850s] -- Install configuration: ""
[0.850s] -- Installing: /home/junweil/projects/robot_urdfs/urdf_viewer_template_aliengo/install/aliengoZ1/share/ament_index/resource_index/package_run_dependencies/aliengoZ1
[0.850s] -- Installing: /home/junweil/projects/robot_urdfs/urdf_viewer_template_aliengo/install/aliengoZ1/share/ament_index/resource_index/parent_prefix_path/aliengoZ1
[0.850s] -- Installing: /home/junweil/projects/robot_urdfs/urdf_viewer_template_aliengo/install/aliengoZ1/share/aliengoZ1/environment/ament_prefix_path.sh
[0.850s] -- Installing: /home/junweil/projects/robot_urdfs/urdf_viewer_template_aliengo/install/aliengoZ1/share/aliengoZ1/environment/ament_prefix_path.dsv
[0.850s] -- Installing: /home/junweil/projects/robot_urdfs/urdf_viewer_template_aliengo/install/aliengoZ1/share/aliengoZ1/environment/path.sh
[0.850s] -- Installing: /home/junweil/projects/robot_urdfs/urdf_viewer_template_aliengo/install/aliengoZ1/share/aliengoZ1/environment/path.dsv
[0.850s] -- Installing: /home/junweil/projects/robot_urdfs/urdf_viewer_template_aliengo/install/aliengoZ1/share/aliengoZ1/local_setup.bash
[0.851s] -- Installing: /home/junweil/projects/robot_urdfs/urdf_viewer_template_aliengo/install/aliengoZ1/share/aliengoZ1/local_setup.sh
[0.851s] -- Installing: /home/junweil/projects/robot_urdfs/urdf_viewer_template_aliengo/install/aliengoZ1/share/aliengoZ1/local_setup.zsh
[0.851s] -- Installing: /home/junweil/projects/robot_urdfs/urdf_viewer_template_aliengo/install/aliengoZ1/share/aliengoZ1/local_setup.dsv
[0.851s] -- Installing: /home/junweil/projects/robot_urdfs/urdf_viewer_template_aliengo/install/aliengoZ1/share/aliengoZ1/package.dsv
[0.851s] -- Installing: /home/junweil/projects/robot_urdfs/urdf_viewer_template_aliengo/install/aliengoZ1/share/ament_index/resource_index/packages/aliengoZ1
[0.851s] -- Installing: /home/junweil/projects/robot_urdfs/urdf_viewer_template_aliengo/install/aliengoZ1/share/aliengoZ1/cmake/aliengoZ1Config.cmake
[0.851s] -- Installing: /home/junweil/projects/robot_urdfs/urdf_viewer_template_aliengo/install/aliengoZ1/share/aliengoZ1/cmake/aliengoZ1Config-version.cmake
[0.851s] -- Installing: /home/junweil/projects/robot_urdfs/urdf_viewer_template_aliengo/install/aliengoZ1/share/aliengoZ1/package.xml
[0.853s] Invoked command in '/home/junweil/projects/robot_urdfs/urdf_viewer_template_aliengo/build/aliengoZ1' returned '0': CMAKE_PREFIX_PATH=/opt/ros/iron CONDA_PROMPT_MODIFIER=(base) /usr/bin/cmake --install /home/junweil/projects/robot_urdfs/urdf_viewer_template_aliengo/build/aliengoZ1
