[0.051s] Invoking command in '/home/junweil/projects/robot_urdfs/urdf_viewer_template_aliengo/build/aliengo': CMAKE_PREFIX_PATH=/opt/ros/iron CONDA_PROMPT_MODIFIER=(base) /usr/bin/cmake --build /home/junweil/projects/robot_urdfs/urdf_viewer_template_aliengo/build/aliengo -- -j20 -l20
[0.073s] -- Found ament_cmake: 2.0.4 (/opt/ros/iron/share/ament_cmake/cmake)
[0.197s] -- Found ament_lint_auto: 0.14.3 (/opt/ros/iron/share/ament_lint_auto/cmake)
[0.267s] -- Added test 'flake8' to check Python code syntax and style conventions
[0.267s] -- Configured 'flake8' exclude dirs and/or files: 
[0.267s] -- Added test 'lint_cmake' to check CMake code style
[0.267s] -- Added test 'pep257' to check Python code against some of the docstring style conventions in PEP 257
[0.268s] -- Added test 'xmllint' to check XML markup files
[0.269s] -- Configuring done
[0.271s] -- Generating done
[0.272s] -- Build files have been written to: /home/junweil/projects/robot_urdfs/urdf_viewer_template_aliengo/build/aliengo
[0.300s] Invoked command in '/home/junweil/projects/robot_urdfs/urdf_viewer_template_aliengo/build/aliengo' returned '0': CMAKE_PREFIX_PATH=/opt/ros/iron CONDA_PROMPT_MODIFIER=(base) /usr/bin/cmake --build /home/junweil/projects/robot_urdfs/urdf_viewer_template_aliengo/build/aliengo -- -j20 -l20
[0.333s] Invoking command in '/home/junweil/projects/robot_urdfs/urdf_viewer_template_aliengo/build/aliengo': CMAKE_PREFIX_PATH=/opt/ros/iron CONDA_PROMPT_MODIFIER=(base) /usr/bin/cmake --install /home/junweil/projects/robot_urdfs/urdf_viewer_template_aliengo/build/aliengo
[0.339s] -- Install configuration: ""
[0.339s] -- Installing: /home/junweil/projects/robot_urdfs/urdf_viewer_template_aliengo/install/aliengo/share/aliengo/config
[0.339s] -- Installing: /home/junweil/projects/robot_urdfs/urdf_viewer_template_aliengo/install/aliengo/share/aliengo/launch
[0.340s] -- Installing: /home/junweil/projects/robot_urdfs/urdf_viewer_template_aliengo/install/aliengo/share/aliengo/launch/aliengo.launch.py
[0.340s] -- Installing: /home/junweil/projects/robot_urdfs/urdf_viewer_template_aliengo/install/aliengo/share/aliengo/maps
[0.340s] -- Installing: /home/junweil/projects/robot_urdfs/urdf_viewer_template_aliengo/install/aliengo/share/aliengo/meshes
[0.340s] -- Installing: /home/junweil/projects/robot_urdfs/urdf_viewer_template_aliengo/install/aliengo/share/aliengo/meshes/thigh_mirror.dae
[0.341s] -- Installing: /home/junweil/projects/robot_urdfs/urdf_viewer_template_aliengo/install/aliengo/share/aliengo/meshes/trunk_uv_base_final.png
[0.341s] -- Installing: /home/junweil/projects/robot_urdfs/urdf_viewer_template_aliengo/install/aliengo/share/aliengo/meshes/hip.dae
[0.341s] -- Installing: /home/junweil/projects/robot_urdfs/urdf_viewer_template_aliengo/install/aliengo/share/aliengo/meshes/trunk.dae
[0.344s] -- Installing: /home/junweil/projects/robot_urdfs/urdf_viewer_template_aliengo/install/aliengo/share/aliengo/meshes/calf.dae
[0.345s] -- Installing: /home/junweil/projects/robot_urdfs/urdf_viewer_template_aliengo/install/aliengo/share/aliengo/meshes/thigh.dae
[0.345s] -- Installing: /home/junweil/projects/robot_urdfs/urdf_viewer_template_aliengo/install/aliengo/share/aliengo/models
[0.346s] -- Installing: /home/junweil/projects/robot_urdfs/urdf_viewer_template_aliengo/install/aliengo/share/aliengo/params
[0.346s] -- Installing: /home/junweil/projects/robot_urdfs/urdf_viewer_template_aliengo/install/aliengo/share/aliengo/rviz
[0.346s] -- Installing: /home/junweil/projects/robot_urdfs/urdf_viewer_template_aliengo/install/aliengo/share/aliengo/rviz/rviz_basic_settings.rviz
[0.346s] -- Installing: /home/junweil/projects/robot_urdfs/urdf_viewer_template_aliengo/install/aliengo/share/aliengo/src
[0.346s] -- Installing: /home/junweil/projects/robot_urdfs/urdf_viewer_template_aliengo/install/aliengo/share/aliengo/urdf
[0.346s] -- Installing: /home/junweil/projects/robot_urdfs/urdf_viewer_template_aliengo/install/aliengo/share/aliengo/urdf/aliengo.urdf
[0.346s] -- Installing: /home/junweil/projects/robot_urdfs/urdf_viewer_template_aliengo/install/aliengo/share/aliengo/worlds
[0.346s] -- Installing: /home/junweil/projects/robot_urdfs/urdf_viewer_template_aliengo/install/aliengo/share/ament_index/resource_index/package_run_dependencies/aliengo
[0.346s] -- Up-to-date: /home/junweil/projects/robot_urdfs/urdf_viewer_template_aliengo/install/aliengo/share/ament_index/resource_index/parent_prefix_path/aliengo
[0.346s] -- Up-to-date: /home/junweil/projects/robot_urdfs/urdf_viewer_template_aliengo/install/aliengo/share/aliengo/environment/ament_prefix_path.sh
[0.347s] -- Up-to-date: /home/junweil/projects/robot_urdfs/urdf_viewer_template_aliengo/install/aliengo/share/aliengo/environment/ament_prefix_path.dsv
[0.347s] -- Up-to-date: /home/junweil/projects/robot_urdfs/urdf_viewer_template_aliengo/install/aliengo/share/aliengo/environment/path.sh
[0.347s] -- Up-to-date: /home/junweil/projects/robot_urdfs/urdf_viewer_template_aliengo/install/aliengo/share/aliengo/environment/path.dsv
[0.347s] -- Up-to-date: /home/junweil/projects/robot_urdfs/urdf_viewer_template_aliengo/install/aliengo/share/aliengo/local_setup.bash
[0.347s] -- Up-to-date: /home/junweil/projects/robot_urdfs/urdf_viewer_template_aliengo/install/aliengo/share/aliengo/local_setup.sh
[0.347s] -- Up-to-date: /home/junweil/projects/robot_urdfs/urdf_viewer_template_aliengo/install/aliengo/share/aliengo/local_setup.zsh
[0.347s] -- Up-to-date: /home/junweil/projects/robot_urdfs/urdf_viewer_template_aliengo/install/aliengo/share/aliengo/local_setup.dsv
[0.347s] -- Up-to-date: /home/junweil/projects/robot_urdfs/urdf_viewer_template_aliengo/install/aliengo/share/aliengo/package.dsv
[0.347s] -- Up-to-date: /home/junweil/projects/robot_urdfs/urdf_viewer_template_aliengo/install/aliengo/share/ament_index/resource_index/packages/aliengo
[0.347s] -- Up-to-date: /home/junweil/projects/robot_urdfs/urdf_viewer_template_aliengo/install/aliengo/share/aliengo/cmake/aliengoConfig.cmake
[0.347s] -- Up-to-date: /home/junweil/projects/robot_urdfs/urdf_viewer_template_aliengo/install/aliengo/share/aliengo/cmake/aliengoConfig-version.cmake
[0.347s] -- Installing: /home/junweil/projects/robot_urdfs/urdf_viewer_template_aliengo/install/aliengo/share/aliengo/package.xml
[0.349s] Invoked command in '/home/junweil/projects/robot_urdfs/urdf_viewer_template_aliengo/build/aliengo' returned '0': CMAKE_PREFIX_PATH=/opt/ros/iron CONDA_PROMPT_MODIFIER=(base) /usr/bin/cmake --install /home/junweil/projects/robot_urdfs/urdf_viewer_template_aliengo/build/aliengo
